--- Copying files at Tue Jul 21 22:45:40 UTC 2020
--- Copying files at Wed Jul 22 21:15:46 UTC 2020
--- Copying files at Thu Jul 23 21:14:23 UTC 2020
--- Copying files at Thu Jul 23 22:40:57 UTC 2020
--- Copying files at Fri Jul 24 12:57:04 UTC 2020
--- Copying files at Fri Jul 24 21:12:07 UTC 2020
--- Copying files at Fri Jul 24 21:41:18 UTC 2020
--- Copying files at Fri Jul 24 22:21:56 UTC 2020
--- Copying files at Sat Jul 25 21:42:25 UTC 2020
--- Copying files at Sun Jul 26 11:56:32 UTC 2020
--- Copying files at Fri Jul 31 23:14:42 UTC 2020
--- Copying files at Sat Aug  1 12:27:53 UTC 2020
--- Copying files at Thu Aug  6 21:21:14 UTC 2020
--- Copying files at Sun Aug  9 20:16:08 UTC 2020
--- Copying files at Tue Aug 11 11:54:23 UTC 2020
--- Copying files at Tue Aug 11 11:57:47 UTC 2020
--- Copying files at Tue Aug 11 12:16:10 UTC 2020
--- Copying files at Thu Aug 13 19:34:04 UTC 2020
--- Copying files at Thu Aug 13 22:47:04 UTC 2020
--- Copying files at Sat Aug 15 04:37:25 UTC 2020
--- Copying files at Sat Aug 15 05:04:25 UTC 2020
--- Copying files at Sat Aug 15 14:48:30 UTC 2020
--- Copying files at Sat Aug 15 15:32:40 UTC 2020
--- Copying files at Sun Aug 16 10:41:20 UTC 2020
--- Copying files at Sun Aug 16 12:12:08 UTC 2020
--- Copying files at Mon Aug 17 12:42:19 UTC 2020
--- Copying files at Mon Aug 17 12:55:25 UTC 2020
--- Copying files at Tue Aug 18 11:07:47 UTC 2020
--- Copying files at Tue Aug 18 11:34:17 UTC 2020
--- Copying files at Tue Aug 18 14:12:24 UTC 2020
--- Copying files at Tue Aug 18 21:45:05 UTC 2020
--- Copying files at Wed Aug 19 01:40:28 UTC 2020
--- Copying files at Wed Aug 19 21:14:10 UTC 2020
--- Copying files at Thu Aug 20 01:36:51 UTC 2020
--- Copying files at Thu Aug 20 11:04:10 UTC 2020
--- Copying files at Fri Aug 21 14:33:52 UTC 2020
--- Copying files at Fri Aug 21 22:08:36 UTC 2020
--- Copying files at Sat Aug 22 23:24:30 UTC 2020
--- Copying files at Sun Aug 23 22:29:34 UTC 2020
--- Copying files at Mon Aug 24 00:14:56 UTC 2020
