Started at Thu Aug 06 11:27:40 UTC 2020
Processing ansible
Offering ansible to Project Build Discarder
Processing BACKUP-TO-AWS
Offering BACKUP-TO-AWS to Project Build Discarder
Processing remote-project
Offering remote-project to Project Build Discarder
Finished at Thu Aug 06 11:27:40 UTC 2020. 144ms
Started at Thu Aug 06 12:35:30 UTC 2020
Processing ansible
Offering ansible to Project Build Discarder
Processing BACKUP-TO-AWS
Offering BACKUP-TO-AWS to Project Build Discarder
Processing remote-project
Offering remote-project to Project Build Discarder
Finished at Thu Aug 06 12:35:30 UTC 2020. 41ms
Started at Thu Aug 06 13:35:30 UTC 2020
Processing ansible
Offering ansible to Project Build Discarder
Processing BACKUP-TO-AWS
Offering BACKUP-TO-AWS to Project Build Discarder
Processing remote-project
Offering remote-project to Project Build Discarder
Finished at Thu Aug 06 13:35:30 UTC 2020. 35ms
